<?xml version="1.0" encoding="UTF-8"?>
<testng-results ignored="0" total="3" passed="3" failed="0" skipped="0">
  <reporter-output>
  </reporter-output>
  <suite started-at="2026-08-02T07:16:17 IST" name="Default suite" finished-at="2026-08-02T07:17:33 IST" duration-ms="75649">
    <groups>
      <group name="cucumber">
        <method signature="AbstractTestNGCucumberTests.runScenario(io.cucumber.testng.PickleWrapper,io.cucumber.testng.FeatureWrapper)[pri:0, instance:RUNNER.TESTRUNNER@291caca8]" name="runScenario" class="io.cucumber.testng.AbstractTestNGCucumberTests"/>
      </group> <!-- cucumber -->
    </groups>
    <test started-at="2026-08-02T07:16:17 IST" name="Default test" finished-at="2026-08-02T07:17:33 IST" duration-ms="75649">
      <class name="RUNNER.TESTRUNNER">
        <test-method is-config="true" signature="setUpClass(org.testng.ITestContext)[pri:0, instance:RUNNER.TESTRUNNER@291caca8]" started-at="2026-08-02T07:16:17 IST" name="setUpClass" finished-at="2026-08-02T07:16:18 IST" duration-ms="1159" status="PASS">
          <params>
            <param index="0">
              <value>
                <![CDATA[org.testng.TestRunner@4554de02]]>
              </value>
            </param>
          </params>
          <reporter-output>
          </reporter-output>
        </test-method> <!-- setUpClass -->
        <test-method signature="runScenario(io.cucumber.testng.PickleWrapper,io.cucumber.testng.FeatureWrapper)[pri:0, instance:RUNNER.TESTRUNNER@291caca8]" started-at="2026-08-02T07:16:18 IST" name="runScenario" description="Runs Cucumber Scenarios" data-provider="scenarios" finished-at="2026-08-02T07:16:52 IST" duration-ms="33658" status="PASS">
          <params>
            <param index="0">
              <value>
                <![CDATA["Valid Login"]]>
              </value>
            </param>
            <param index="1">
              <value>
                <![CDATA["hyr tutorials Login"]]>
              </value>
            </param>
          </params>
          <reporter-output>
          </reporter-output>
        </test-method> <!-- runScenario -->
        <test-method signature="runScenario(io.cucumber.testng.PickleWrapper,io.cucumber.testng.FeatureWrapper)[pri:0, instance:RUNNER.TESTRUNNER@291caca8]" started-at="2026-08-02T07:16:52 IST" name="runScenario" description="Runs Cucumber Scenarios" data-provider="scenarios" finished-at="2026-08-02T07:17:13 IST" duration-ms="21097" status="PASS">
          <params>
            <param index="0">
              <value>
                <![CDATA["Valid Login"]]>
              </value>
            </param>
            <param index="1">
              <value>
                <![CDATA["hyr tutorials Login"]]>
              </value>
            </param>
          </params>
          <reporter-output>
          </reporter-output>
        </test-method> <!-- runScenario -->
        <test-method signature="runScenario(io.cucumber.testng.PickleWrapper,io.cucumber.testng.FeatureWrapper)[pri:0, instance:RUNNER.TESTRUNNER@291caca8]" started-at="2026-08-02T07:17:13 IST" name="runScenario" description="Runs Cucumber Scenarios" data-provider="scenarios" finished-at="2026-08-02T07:17:33 IST" duration-ms="19543" status="PASS">
          <params>
            <param index="0">
              <value>
                <![CDATA["Valid Login"]]>
              </value>
            </param>
            <param index="1">
              <value>
                <![CDATA["hyr tutorials Login"]]>
              </value>
            </param>
          </params>
          <reporter-output>
          </reporter-output>
        </test-method> <!-- runScenario -->
        <test-method is-config="true" signature="tearDownClass()[pri:0, instance:RUNNER.TESTRUNNER@291caca8]" started-at="2026-08-02T07:17:33 IST" name="tearDownClass" finished-at="2026-08-02T07:17:33 IST" duration-ms="71" status="PASS">
          <reporter-output>
          </reporter-output>
        </test-method> <!-- tearDownClass -->
      </class> <!-- RUNNER.TESTRUNNER -->
    </test> <!-- Default test -->
  </suite> <!-- Default suite -->
</testng-results>
