<?xml version="1.0" encoding="UTF-8"?>
<!-- Generated by org.testng.reporters.JUnitReportReporter -->
<testsuite hostname="DESKTOP-21ECJED" failures="0" tests="3" name="RUNNER.TESTRUNNER" time="74.298" errors="0" timestamp="2026-08-02T07:17:33 IST" skipped="0">
  <testcase classname="RUNNER.TESTRUNNER" name="runScenario" time="21.097"/>
  <testcase classname="RUNNER.TESTRUNNER" name="runScenario" time="19.543"/>
  <testcase classname="RUNNER.TESTRUNNER" name="runScenario" time="33.658"/>
</testsuite> <!-- RUNNER.TESTRUNNER -->
